------- com.hybris.valexandrovich.java_ee.lecture_115.Application -------
2021-10-30
12:08:27.764008
2021-10-30T12:08:27.764092
2017-01-23
22:55
2017-01-23T22:55
Sat Oct 30 12:08:27 EEST 2021
Tue Jan 20 12:08:27 EET 2015
------- com.hybris.valexandrovich.java_ee.lecture_116.Application -------
2030-01-10
2030-03-15
10:30
12:50
2030-03-15T12:50
2030-03-24T02:50
Mon Feb 01 12:08:27 EET 2021
2010-04-01
------- com.hybris.valexandrovich.java_ee.lecture_117.Application -------
Need to clean cage on date = 2017-01-01
Need to clean cage on date = 2017-02-01
Need to clean cage on date = 2017-03-01
Need to clean cage on date = 2017-04-01
2017-01-08
2021-11-06T12:08:27.833645
P14D
Need to clean cage on date = 2017-01-01
Need to clean cage on date = 2017-01-08
Need to clean cage on date = 2017-01-15
Need to clean cage on date = 2017-01-22
Need to clean cage on date = 2017-01-29
Need to clean cage on date = 2017-02-05
Need to clean cage on date = 2017-02-12
Need to clean cage on date = 2017-02-19
Need to clean cage on date = 2017-02-26
Need to clean cage on date = 2017-03-05
Need to clean cage on date = 2017-03-12
Need to clean cage on date = 2017-03-19
Need to clean cage on date = 2017-03-26
Need to clean cage on date = 2017-04-02
Need to clean cage on date = 2017-04-09
Need to clean cage on date = 2017-04-16
Need to clean cage on date = 2017-04-23
------- com.hybris.valexandrovich.java_ee.lecture_118.Application -------
2010-04-15
2010-04-15T11:22:33
11:22:33
15.04.2010
15.04.2010
апреля 15, 2010, 11:22
12:08
11:22
11:22
------- com.hybris.valexandrovich.java_ee.lecture_119.Application -------
2010-02-15
11:22
02 15 2010
2010-02-15
05 23 2020
-------------------------------------------------------------

